ERROR:root:<class 'UnboundLocalError'>
ERROR:root:<class 'urllib.error.URLError'>
ERROR:root:<class 'UnboundLocalError'>
ERROR:root:<class 'UnboundLocalError'>
ERROR:root:<class 'urllib.error.URLError'>
ERROR:root:<class 'urllib.error.URLError'>
ERROR:root:<class 'urllib.error.URLError'>
ERROR:root:<class 'urllib.error.URLError'>
ERROR:root:<class 'urllib.error.URLError'>
ERROR:root:<class 'urllib.error.URLError'>
ERROR:root:<class 'urllib.error.URLError'>
ERROR:root:<class 'urllib.error.URLError'>
ERROR:root:<class 'urllib.error.URLError'>
ERROR:root:<class 'urllib.error.URLError'>
ERROR:root:<class 'urllib.error.URLError'>
ERROR:root:<class 'urllib.error.URLError'>
ERROR:root:<class 'urllib.error.URLError'>
ERROR:root:<class 'urllib.error.URLError'>
ERROR:root:<class 'urllib.error.URLError'>
ERROR:root:<class 'urllib.error.URLError'>
ERROR:root:<class 'urllib.error.URLError'>
ERROR:root:<class 'urllib.error.URLError'>
ERROR:root:<class 'urllib.error.URLError'>
ERROR:root:<class 'urllib.error.URLError'>
ERROR:root:<class 'urllib.error.URLError'>
ERROR:root:<class 'urllib.error.URLError'>
ERROR:root:<class 'urllib.error.URLError'>
ERROR:root:<class 'NameError'>
ERROR:root:<class 'TypeError'>
ERROR:root:<class 'TypeError'>
ERROR:root:<class 'TypeError'>
ERROR:root:<class 'TypeError'>
ERROR:root:<class 'TypeError'>
ERROR:root:<class 'TypeError'>
ERROR:root:<class 'TypeError'>
ERROR:root:<class 'NameError'>
ERROR:root:<class 'ConnectionRefusedError'>
ERROR:root:<class 'ConnectionRefusedError'>
ERROR:root:<class 'NameError'>
ERROR:root:<class 'ConnectionRefusedError'>
ERROR:root:<class 'ConnectionRefusedError'>
ERROR:root:<class 'ConnectionRefusedError'>
ERROR:root:<class 'NameError'>
ERROR:root:<class 'NameError'>
ERROR:root:<class 'NameError'>
ERROR:root:<class 'NameError'>
ERROR:root:<class 'ConnectionRefusedError'>
ERROR:root:<class 'NameError'>
ERROR:root:<class 'NameError'>
ERROR:root:<class 'NameError'>
ERROR:root:<class 'ConnectionRefusedError'>
ERROR:root:<class 'BrokenPipeError'>
ERROR:root:<class 'ConnectionRefusedError'>
ERROR:root:<class 'urllib.error.URLError'>
ERROR:root:<class 'urllib.error.URLError'>
ERROR:root:<class 'ConnectionRefusedError'>
ERROR:root:<class 'BrokenPipeError'>
ERROR:root:<class 'ConnectionRefusedError'>
ERROR:root:<class 'BrokenPipeError'>
ERROR:root:<class 'ConnectionRefusedError'>
ERROR:root:<class 'BrokenPipeError'>
ERROR:root:<class 'ConnectionRefusedError'>
ERROR:root:<class 'BrokenPipeError'>
ERROR:root:<class 'ConnectionRefusedError'>
ERROR:root:<class 'BrokenPipeError'>
ERROR:root:<class 'ConnectionRefusedError'>
ERROR:root:<class 'BrokenPipeError'>
ERROR:root:<class 'ConnectionRefusedError'>
ERROR:root:<class 'BrokenPipeError'>
ERROR:root:<class 'ConnectionRefusedError'>
ERROR:root:<class 'BrokenPipeError'>
ERROR:root:<class 'ConnectionRefusedError'>
ERROR:root:<class 'BrokenPipeError'>
ERROR:root:<class 'ConnectionRefusedError'>
ERROR:root:<class 'BrokenPipeError'>
ERROR:root:<class 'ConnectionRefusedError'>
ERROR:root:<class 'BrokenPipeError'>
ERROR:root:<class 'ConnectionRefusedError'>
ERROR:root:<class 'BrokenPipeError'>
ERROR:root:<class 'ConnectionRefusedError'>
ERROR:root:<class 'BrokenPipeError'>
ERROR:root:<class 'ConnectionRefusedError'>
ERROR:root:<class 'BrokenPipeError'>
ERROR:root:<class 'ConnectionRefusedError'>
ERROR:root:<class 'BrokenPipeError'>
ERROR:root:<class 'ConnectionRefusedError'>
ERROR:root:<class 'BrokenPipeError'>
ERROR:root:<class 'ConnectionRefusedError'>
ERROR:root:<class 'BrokenPipeError'>
ERROR:root:<class 'ConnectionRefusedError'>
ERROR:root:<class 'BrokenPipeError'>
ERROR:root:<class 'ConnectionRefusedError'>
ERROR:root:<class 'BrokenPipeError'>
ERROR:root:<class 'ConnectionRefusedError'>
ERROR:root:<class 'BrokenPipeError'>
ERROR:root:<class 'ConnectionRefusedError'>
ERROR:root:<class 'BrokenPipeError'>
ERROR:root:<class 'ConnectionRefusedError'>
ERROR:root:<class 'ConnectionResetError'>
ERROR:root:<class 'ConnectionRefusedError'>
ERROR:root:<class 'BrokenPipeError'>
ERROR:root:<class 'ConnectionRefusedError'>
ERROR:root:<class 'ConnectionResetError'>
ERROR:root:<class 'ConnectionResetError'>
ERROR:root:<class 'ConnectionRefusedError'>
ERROR:root:<class 'BrokenPipeError'>
ERROR:root:<class 'ConnectionRefusedError'>
ERROR:root:<class 'ConnectionRefusedError'>
ERROR:root:<class 'BrokenPipeError'>
ERROR:root:<class 'ConnectionRefusedError'>
ERROR:root:<class 'ConnectionResetError'>
ERROR:root:<class 'ConnectionResetError'>
ERROR:root:<class 'ConnectionRefusedError'>
ERROR:root:<class 'BrokenPipeError'>
ERROR:root:<class 'ConnectionRefusedError'>
ERROR:root:<class 'ConnectionRefusedError'>
